\BOOKMARK [0][-]{chapter*.2}{\376\377\000I\000n\000t\000r\000o\000d\000u\000c\000t\000i\000o\000n\000\040\000g\000\351\000n\000\351\000r\000a\000l\000e}{}% 1
\BOOKMARK [0][-]{chapter.1}{\376\377\000C\000a\000d\000r\000e\000\040\000g\000\351\000n\000\351\000r\000a\000l\000\040\000d\000u\000\040\000p\000r\000o\000j\000e\000t\000\040\000e\000t\000\040\000\351\000t\000u\000d\000e\000\040\000d\000e\000\040\000l\000'\000e\000x\000i\000s\000t\000a\000n\000t}{}% 2
\BOOKMARK [1][-]{section.1.1}{\376\377\000C\000a\000d\000r\000e\000\040\000g\000\351\000n\000\351\000r\000a\000l\000\040\000d\000u\000\040\000p\000r\000o\000j\000e\000t}{chapter.1}% 3
\BOOKMARK [2][-]{subsection.1.1.1}{\376\377\000S\000o\000c\000i\000\351\000t\000\351\000\040\000d\040\031\000a\000c\000c\000u\000e\000i\000l\000\040}{section.1.1}% 4
\BOOKMARK [2][-]{subsection.1.1.2}{\376\377\000P\000r\000o\000b\000l\000\351\000m\000a\000t\000i\000q\000u\000e\000\040}{section.1.1}% 5
\BOOKMARK [2][-]{subsection.1.1.3}{\376\377\000N\000o\000t\000i\000o\000n\000\040\000d\000e\000\040\000b\000a\000s\000e}{section.1.1}% 6
\BOOKMARK [3][-]{subsubsection.1.1.3.1}{\376\377\000M\000i\000c\000r\000o\000s\000e\000r\000v\000i\000c\000e}{subsection.1.1.3}% 7
\BOOKMARK [3][-]{subsubsection.1.1.3.2}{\376\377\000D\000e\000v\000O\000p\000s}{subsection.1.1.3}% 8
\BOOKMARK [3][-]{subsubsection.1.1.3.3}{\376\377\000C\000l\000o\000u\000d}{subsection.1.1.3}% 9
\BOOKMARK [4][-]{paragraph.1.1.3.3.1}{\376\377\000M\000o\000d\000\350\000l\000e\000s\000\040\000d\000e\000\040\000s\000e\000r\000v\000i\000c\000e\000s\000\040}{subsubsection.1.1.3.3}% 10
\BOOKMARK [4][-]{paragraph.1.1.3.3.2}{\376\377\000L\000e\000s\000\040\000m\000o\000d\000\350\000l\000e\000s\000\040\000d\000e\000\040\000d\000\351\000p\000l\000o\000i\000e\000m\000e\000n\000t\000\040}{subsubsection.1.1.3.3}% 11
\BOOKMARK [2][-]{subsection.1.1.4}{\376\377\000M\000\351\000t\000h\000o\000d\000o\000l\000o\000g\000i\000e\000\040\000d\000e\000\040\000d\000\351\000v\000e\000l\000o\000p\000p\000e\000m\000e\000n\000t\000\040}{section.1.1}% 12
\BOOKMARK [3][-]{subsubsection.1.1.4.1}{\376\377\000M\000\351\000t\000h\000o\000d\000e\000\040\000a\000g\000i\000l\000e\000\040}{subsection.1.1.4}% 13
\BOOKMARK [4][-]{paragraph.1.1.4.1.1}{\376\377\000P\000r\000\351\000s\000e\000n\000t\000a\000t\000i\000o\000n\000\040\000d\000e\000\040\000l\000a\000\040\000m\000\351\000t\000h\000o\000d\000o\000l\000o\000g\000i\000e\000\040\000S\000c\000r\000u\000m}{subsubsection.1.1.4.1}% 14
\BOOKMARK [4][-]{paragraph.1.1.4.1.2}{\376\377\000A\000c\000t\000e\000u\000r\000s\000\040\000d\000e\000\040\000l\000a\000\040\000m\000\351\000t\000h\000o\000d\000e\000\040\000a\000g\000i\000l\000e\000\040\000S\000c\000r\000u\000m}{subsubsection.1.1.4.1}% 15
\BOOKMARK [4][-]{paragraph.1.1.4.1.3}{\376\377\000\311\000v\000\350\000n\000e\000m\000e\000n\000t\000s\000\040\000d\000e\000\040\000l\000a\000\040\000m\000\351\000t\000h\000o\000d\000e\000\040\000a\000g\000i\000l\000e\000\040\000S\000c\000r\000u\000m\000\040}{subsubsection.1.1.4.1}% 16
\BOOKMARK [4][-]{paragraph.1.1.4.1.4}{\376\377\000\040\000L\000e\000s\000\040\000a\000r\000t\000e\000f\000a\000c\000t\000s}{subsubsection.1.1.4.1}% 17
\BOOKMARK [2][-]{subsection.1.1.5}{\376\377\000P\000l\000a\000n\000i\000f\000i\000c\000a\000t\000i\000o\000n\000\040\000d\000e\000s\000\040\000s\000p\000r\000i\000n\000t\000s}{section.1.1}% 18
\BOOKMARK [2][-]{subsection.1.1.6}{\376\377\000C\000o\000n\000c\000l\000u\000s\000i\000o\000n}{section.1.1}% 19
\BOOKMARK [0][-]{chapter.2}{\376\377\000\040\000E\000t\000u\000d\000e\000\040\000d\000e\000\040\000l\000'\000e\000x\000i\000s\000t\000a\000n\000t}{}% 20
\BOOKMARK [1][-]{section.2.1}{\376\377\000L\000e\000s\000\040\000s\000o\000l\000u\000t\000i\000o\000n\000s\000\040\000e\000x\000i\000s\000t\000a\000n\000t\000e\000s}{chapter.2}% 21
\BOOKMARK [2][-]{subsection.2.1.1}{\376\377\000A\000z\000u\000r\000e\000\040\000D\000e\000v\000o\000p\000s}{section.2.1}% 22
\BOOKMARK [2][-]{subsection.2.1.2}{\376\377\000A\000m\000a\000z\000o\000n\000\040\000W\000e\000b\000\040\000S\000e\000r\000v\000i\000c\000e\000\040\000D\000e\000v\000O\000p\000s}{section.2.1}% 23
\BOOKMARK [2][-]{subsection.2.1.3}{\376\377\000G\000o\000o\000g\000l\000e\000\040\000C\000l\000o\000u\000d\000\040\000P\000l\000a\000t\000f\000o\000r\000m\000\040\000D\000e\000v\000O\000p\000s\000\040}{section.2.1}% 24
\BOOKMARK [1][-]{section.2.2}{\376\377\000C\000r\000i\000t\000i\000q\000u\000e\000\040\000d\000e\000s\000\040\000s\000o\000l\000u\000t\000i\000o\000n\000s\000\040\000e\000x\000i\000s\000t\000a\000n\000t\000e\000s}{chapter.2}% 25
\BOOKMARK [1][-]{section.2.3}{\376\377\000S\000o\000l\000u\000t\000i\000o\000n\000\040\000p\000r\000o\000p\000o\000s\000\351\000e}{chapter.2}% 26
\BOOKMARK [1][-]{section.2.4}{\376\377\000C\000o\000n\000c\000l\000u\000s\000i\000o\000n}{chapter.2}% 27
\BOOKMARK [0][-]{chapter.3}{\376\377\000\040\000P\000l\000a\000n\000i\000f\000i\000c\000a\000t\000i\000o\000n\000\040\000d\000e\000\040\000p\000r\000o\000j\000e\000t}{}% 28
\BOOKMARK [1][-]{section.3.1}{\376\377\000A\000c\000t\000e\000u\000r}{chapter.3}% 29
\BOOKMARK [1][-]{section.3.2}{\376\377\000B\000e\000s\000o\000i\000n\000s\000\040\000f\000o\000n\000c\000t\000i\000o\000n\000n\000e\000l\000s}{chapter.3}% 30
\BOOKMARK [1][-]{section.3.3}{\376\377\000B\000e\000s\000o\000i\000n\000s\000\040\000n\000o\000n\000-\000f\000o\000n\000c\000t\000i\000o\000n\000n\000e\000l\000s}{chapter.3}% 31
\BOOKMARK [1][-]{section.3.4}{\376\377\000P\000r\000o\000d\000u\000c\000t\000\040\000B\000a\000c\000k\000l\000o\000g}{chapter.3}% 32
\BOOKMARK [1][-]{section.3.5}{\376\377\000C\000o\000n\000c\000e\000p\000t\000i\000o\000n\000\040\000d\000e\000\040\000s\000y\000s\000t\000\350\000m\000e}{chapter.3}% 33
\BOOKMARK [2][-]{subsection.3.5.1}{\376\377\000D\000i\000a\000g\000r\000a\000m\000m\000e\000\040\000d\000e\000\040\000c\000a\000s\000\040\000d\000'\000u\000t\000i\000l\000i\000s\000a\000t\000i\000o\000n\000\040\000G\000l\000o\000b\000a\000l}{section.3.5}% 34
\BOOKMARK [2][-]{subsection.3.5.2}{\376\377\000R\000a\000f\000f\000i\000n\000e\000m\000e\000n\000t\000\040\000d\000e\000s\000\040\000c\000a\000s\000\040\000d\040\031\000u\000t\000i\000l\000i\000s\000a\000t\000i\000o\000n}{section.3.5}% 35
\BOOKMARK [3][-]{subsubsection.3.5.2.1}{\376\377\000C\000a\000s\000\040\000d\040\031\000u\000t\000i\000l\000i\000s\000a\000t\000i\000o\000n\000\040\000"\000G\000\351\000r\000e\000r\000\040\000c\000o\000d\000e\000\040\000s\000o\000u\000r\000c\000e\000"}{subsection.3.5.2}% 36
\BOOKMARK [3][-]{subsubsection.3.5.2.2}{\376\377\000C\000a\000s\000\040\000d\040\031\000u\000t\000i\000l\000i\000s\000a\000t\000i\000o\000n\000\040\000"\000S\000u\000i\000v\000i\000\040\000d\000e\000\040\000l\000a\000\040\000b\000u\000i\000l\000d\000\040\000d\000'\000a\000p\000p\000l\000i\000c\000a\000t\000i\000o\000n\000"}{subsection.3.5.2}% 37
\BOOKMARK [3][-]{subsubsection.3.5.2.3}{\376\377\000C\000a\000s\000\040\000d\000'\000u\000t\000i\000l\000i\000s\000a\000t\000i\000o\000n\000"\000G\000\351\000r\000e\000r\000\040\000l\000a\000\040\000c\000o\000n\000f\000i\000g\000u\000r\000a\000t\000i\000o\000n\000\040\000d\000e\000\040\000d\000\351\000p\000l\000o\000i\000e\000m\000e\000n\000t\000"}{subsection.3.5.2}% 38
\BOOKMARK [3][-]{subsubsection.3.5.2.4}{\376\377\000C\000a\000s\000\040\000u\000t\000i\000l\000i\000s\000a\000t\000i\000o\000n\000"\000G\000\351\000r\000e\000r\000\040\000l\000i\000s\000t\000e\000\040\000d\000e\000s\000\040\000i\000m\000a\000g\000e\000s\000\040\000D\000o\000c\000k\000e\000r\000"}{subsection.3.5.2}% 39
\BOOKMARK [3][-]{subsubsection.3.5.2.5}{\376\377\000C\000a\000s\000\040\000u\000t\000i\000l\000i\000s\000a\000t\000i\000o\000n\000"\000G\000\351\000r\000e\000r\000\040\000l\000e\000s\000\040\000a\000r\000t\000e\000f\000a\000c\000t\000s\000\040\000d\000'\000a\000p\000p\000l\000i\000c\000a\000t\000i\000o\000n\000"}{subsection.3.5.2}% 40
\BOOKMARK [2][-]{subsection.3.5.3}{\376\377\000D\000i\000a\000g\000r\000a\000m\000m\000e\000\040\000d\000e\000\040\000c\000l\000a\000s\000s\000e}{section.3.5}% 41
\BOOKMARK [2][-]{subsection.3.5.4}{\376\377\000D\000i\000a\000g\000r\000a\000m\000m\000e\000\040\000d\000e\000\040\000s\000\351\000q\000u\000e\000n\000c\000e}{section.3.5}% 42
\BOOKMARK [2][-]{subsection.3.5.5}{\376\377\000D\000i\000a\000g\000r\000a\000m\000m\000e\000\040\000d\000e\000\040\000d\000\351\000p\000l\000o\000i\000e\000m\000e\000n\000t}{section.3.5}% 43
\BOOKMARK [1][-]{section.3.6}{\376\377\000A\000p\000p\000l\000i\000c\000a\000t\000i\000o\000n\000\040\000d\000e\000\040\000l\000a\000\040\000m\000\351\000t\000h\000o\000d\000o\000l\000o\000g\000i\000e\000\040\000d\000e\000\040\000d\000\351\000v\000e\000l\000o\000p\000p\000e\000m\000e\000n\000t}{chapter.3}% 44
\BOOKMARK [1][-]{section.3.7}{\376\377\000P\000l\000a\000n\000i\000f\000i\000c\000a\000t\000i\000o\000n\000\040\000d\000e\000s\000\040\000s\000p\000r\000i\000n\000t\000s}{chapter.3}% 45
\BOOKMARK [1][-]{section.3.8}{\376\377\000C\000o\000n\000c\000l\000u\000s\000i\000o\000n}{chapter.3}% 46
\BOOKMARK [0][-]{chapter.4}{\376\377\000S\000p\000r\000i\000n\000t\0001\000:\000\040\000C\000o\000n\000f\000i\000g\000u\000r\000a\000t\000i\000o\000n\000\040\000d\000e\000\040\000l\000'\000a\000r\000c\000h\000i\000t\000e\000c\000t\000u\000r\000e\000\040\000c\000l\000o\000u\000d\000\040\000A\000W\000S\000.}{}% 47
\BOOKMARK [1][-]{section.4.1}{\376\377\000O\000b\000j\000e\000c\000t\000i\000f\000\040\000d\000u\000\040\000S\000p\000r\000i\000n\000t}{chapter.4}% 48
\BOOKMARK [1][-]{section.4.2}{\376\377\000A\000r\000c\000h\000i\000t\000e\000c\000t\000u\000r\000e\000\040\000G\000l\000o\000b\000a\000l}{chapter.4}% 49
\BOOKMARK [1][-]{section.4.3}{\376\377\000A\000r\000c\000h\000i\000t\000e\000c\000t\000u\000r\000e\000\040\000D\000\351\000t\000a\000i\000l\000l\000\351\000e}{chapter.4}% 50
\BOOKMARK [2][-]{subsection.4.3.1}{\376\377\000D\000i\000a\000g\000r\000a\000m\000m\000e\000\040\000C\000a\000s\000\040\000d\000'\000u\000t\000i\000l\000i\000s\000a\000t\000i\000o\000n\000\040\000D\000\351\000t\000a\000i\000l\000l\000\351\000e}{section.4.3}% 51
\BOOKMARK [2][-]{subsection.4.3.2}{\376\377\000D\000i\000a\000g\000r\000a\000m\000m\000e\000\040\000d\000e\000\040\000s\000\351\000q\000u\000e\000n\000c\000e\000\040\000D\000\351\000t\000a\000i\000l\000l\000\351\000e}{section.4.3}% 52
\BOOKMARK [1][-]{section.4.4}{\376\377\000R\000e\000a\000l\000i\000s\000a\000t\000i\000o\000n}{chapter.4}% 53
\BOOKMARK [1][-]{section.4.5}{\376\377\000C\000o\000n\000c\000l\000u\000s\000i\000o\000n}{chapter.4}% 54
\BOOKMARK [0][-]{chapter.5}{\376\377\000S\000p\000r\000i\000n\000t\0002\000:\000C\000o\000n\000f\000i\000g\000u\000r\000a\000t\000i\000o\000n\000\040\000d\000e\000\040\000l\000a\000\040\000P\000i\000p\000l\000i\000n\000e\000.}{}% 55
\BOOKMARK [1][-]{section.5.1}{\376\377\000O\000b\000j\000e\000c\000t\000i\000f\000\040\000d\000u\000\040\000S\000p\000r\000i\000n\000t}{chapter.5}% 56
\BOOKMARK [1][-]{section.5.2}{\376\377\000A\000r\000c\000h\000i\000t\000e\000c\000t\000u\000r\000e\000\040\000D\000\351\000t\000a\000i\000l\000l\000\351\000e}{chapter.5}% 57
\BOOKMARK [2][-]{subsection.5.2.1}{\376\377\000D\000i\000a\000g\000r\000a\000m\000m\000e\000\040\000C\000a\000s\000\040\000d\000'\000u\000t\000i\000l\000i\000s\000a\000t\000i\000o\000n\000\040\000D\000\351\000t\000a\000i\000l\000l\000\351\000e}{section.5.2}% 58
\BOOKMARK [2][-]{subsection.5.2.2}{\376\377\000D\000i\000a\000g\000r\000a\000m\000m\000e\000\040\000d\000e\000\040\000s\000e\000q\000u\000a\000n\000c\000e\000\040\000D\000\351\000t\000a\000i\000l\000l\000\351\000e}{section.5.2}% 59
\BOOKMARK [0][-]{chapter.6}{\376\377\000S\000p\000r\000i\000n\000t\0003\000:\000\040\000D\000\351\000p\000l\000o\000i\000e\000m\000e\000n\000t\000\040\000d\000e\000\040\000l\000'\000a\000p\000p\000l\000i\000c\000a\000t\000i\000o\000n\000\040\000s\000u\000r\000\040\000l\000e\000\040\000c\000l\000u\000s\000t\000e\000r\000.}{}% 60
\BOOKMARK [1][-]{section.6.1}{\376\377\000O\000b\000j\000e\000c\000t\000i\000f\000\040\000d\000u\000\040\000S\000p\000r\000i\000n\000t}{chapter.6}% 61
\BOOKMARK [1][-]{section.6.2}{\376\377\000A\000r\000c\000h\000i\000t\000e\000c\000t\000u\000r\000e\000\040\000D\000\351\000t\000a\000i\000l\000l\000\351\000e}{chapter.6}% 62
\BOOKMARK [2][-]{subsection.6.2.1}{\376\377\000D\000i\000a\000g\000r\000a\000m\000m\000e\000\040\000C\000a\000s\000\040\000d\000'\000u\000t\000i\000l\000i\000s\000a\000t\000i\000o\000n\000\040\000D\000\351\000t\000a\000i\000l\000l\000\351\000e}{section.6.2}% 63
